c:\users\breadlin\appdata\locallow\microsoft\cryptneturlcache\metadata\5080dc7a65db6a5960ecd874088f3328_da0ac6c3213d3f67edaaea42522aad0d
c:\users\breadlin\appdata\local\temp\irmagent.log
c:\users\breadlin\documents\visual studio 2013\projects\sillychis\sillychis\x64\release\sillychis.tlog\icl-intelremotemonserver-intelremotemonagent-intelremotemonagent2.read.1.tlog
c:\users\breadlin\appdata\local\microsoft\clr_v2.0\usagelogs\intelremotemonagent2.exe.log
c:\users\breadlin\appdata\locallow\microsoft\cryptneturlcache\metadata\5457a8ce4b2a7499f8299a013b6e1c7c_ce50f893881d43dc0c815e4d80faf2b4
c:\users\breadlin\appdata\locallow\microsoft\cryptneturlcache\metadata\991f383f0ad298067b7400baff5d2af4_a15a6682dc15e6b353a18bdfc18cdadc
c:\users\breadlin\appdata\locallow\microsoft\cryptneturlcache\content\5080dc7a65db6a5960ecd874088f3328_da0ac6c3213d3f67edaaea42522aad0d
c:\users\breadlin\appdata\locallow\microsoft\cryptneturlcache\content\991f383f0ad298067b7400baff5d2af4_a15a6682dc15e6b353a18bdfc18cdadc
c:\users\breadlin\appdata\locallow\microsoft\cryptneturlcache\content\5457a8ce4b2a7499f8299a013b6e1c7c_ce50f893881d43dc0c815e4d80faf2b4
c:\users\breadlin\documents\visual studio 2013\projects\sillychis\sillychis\x64\release\chis_board.obj
c:\users\breadlin\documents\visual studio 2013\projects\sillychis\sillychis\x64\release\main.obj
c:\users\breadlin\documents\visual studio 2013\projects\sillychis\sillychis\x64\release\pattern_hash.obj
c:\users\breadlin\documents\visual studio 2013\projects\sillychis\sillychis\x64\release\sillychis.obj
c:\users\breadlin\appdata\local\temp\lnk{c4c9391c-3528-44c6-9bad-0cffcd11f8a6}.tmp
c:\users\breadlin\appdata\local\temp\lnk{7d2c36af-93f7-4bf3-961e-772659f573c0}.tmp
c:\users\breadlin\appdata\local\temp\lnk{d726dda3-fcfe-4e90-8cc0-c98aca916bc5}.tmp
c:\users\breadlin\appdata\local\temp\lnk{1e12fc59-14c4-48a8-8aac-76f38a27cd82}.tmp
c:\users\breadlin\appdata\local\temp\lnk{e5610870-e2d6-4862-be00-cff64d88f39e}.tmp
c:\users\breadlin\appdata\local\temp\lnk{713e4e83-edd5-4b3f-93c9-8962841b9fee}.tmp
c:\users\breadlin\appdata\local\temp\lnk{dbd08015-6e7b-4b69-97ec-738170093e70}.tmp
c:\users\breadlin\appdata\local\temp\lnk{bb947204-a26d-4d7c-ae3d-fb3ad211d717}.tmp
c:\users\breadlin\appdata\local\temp\lnk{cf554b13-e94d-400f-822f-6913b307f61f}.tmp
c:\users\breadlin\appdata\local\temp\lnk{22d3bec3-4ab1-4b7b-b4e8-3a078e3b0e8d}.tmp
c:\users\breadlin\appdata\local\temp\lnk{140a3600-0fef-4541-87c5-00f26afe9e60}.tmp
c:\users\breadlin\appdata\local\temp\lnk{31282274-e08f-48bf-90b0-6c1890c3b183}.tmp
c:\users\breadlin\appdata\local\temp\lnk{d9c4737a-f79e-4dbf-b61c-4e936e5a6a09}.tmp
c:\users\breadlin\appdata\local\temp\lnk{b153818e-cba1-4cb7-9cf0-cc94be051637}.tmp
c:\users\breadlin\appdata\local\temp\lnk{c3c42f75-6585-4e97-be18-8b0c3731ed83}.tmp
c:\users\breadlin\appdata\local\temp\lnk{f1eb416b-d102-4b63-8e73-093ac2ec231b}.tmp
c:\users\breadlin\appdata\local\temp\lnk{d11937ac-f6f4-4235-b6f5-89d88c2689e3}.tmp
c:\users\breadlin\appdata\local\temp\lnk{d4c3ab9f-9375-4c0a-b6ba-797a3d49e2b6}.tmp
c:\users\breadlin\appdata\local\temp\lnk{8fe3f68b-3ff9-4178-a352-f820998596de}.tmp
c:\users\breadlin\appdata\local\temp\lnk{8825e3b8-35f3-437c-ad3d-50353dd2ee0d}.tmp
c:\users\breadlin\appdata\local\temp\lnk{33a1c7de-ceec-489d-89a6-d7f60e34af93}.tmp
c:\users\breadlin\appdata\local\temp\lnk{f1d51886-90b7-4e1d-b8f2-a693b27602c3}.tmp
c:\users\breadlin\appdata\local\temp\lnk{36d08855-ac75-46a5-adb0-8a1d206ac9af}.tmp
c:\users\breadlin\documents\visual studio 2013\projects\sillychis\x64\release\sillychis.exe
c:\users\breadlin\documents\visual studio 2013\projects\sillychis\x64\release\sillychis.pdb
c:\users\breadlin\documents\visual studio 2013\projects\sillychis\sillychis\x64\release\sillychis.tlog\icl-intelremotemonserver-intelremotemonagent-intelremotemonagent2.read.10.tlog
c:\users\breadlin\documents\visual studio 2013\projects\sillychis\sillychis\x64\release\sillychis.tlog\icl-intelremotemonserver-intelremotemonagent-intelremotemonagent2.read.11.tlog
c:\users\breadlin\documents\visual studio 2013\projects\sillychis\sillychis\x64\release\sillychis.tlog\icl-intelremotemonserver-intelremotemonagent-intelremotemonagent2.read.13.tlog
c:\users\breadlin\documents\visual studio 2013\projects\sillychis\sillychis\x64\release\sillychis.tlog\icl-intelremotemonserver-intelremotemonagent-intelremotemonagent2.read.8.tlog
c:\users\breadlin\documents\visual studio 2013\projects\sillychis\sillychis\x64\release\sillychis.tlog\icl-intelremotemonserver-intelremotemonagent-intelremotemonagent2.write.1.tlog
c:\users\breadlin\documents\visual studio 2013\projects\sillychis\sillychis\x64\release\sillychis.tlog\icl-intelremotemonserver-intelremotemonagent-intelremotemonagent2.write.11.tlog
c:\users\breadlin\documents\visual studio 2013\projects\sillychis\sillychis\x64\release\sillychis.tlog\icl-intelremotemonserver-intelremotemonagent-intelremotemonagent2.write.13.tlog
c:\users\breadlin\documents\visual studio 2013\projects\sillychis\sillychis\x64\release\sillychis.tlog\icl-intelremotemonserver-intelremotemonagent-intelremotemonagent2.write.8.tlog
c:\users\breadlin\documents\visual studio 2013\projects\sillychis\sillychis\x64\release\sillychis.tlog\icl-intelremotemonserver-intelremotemonagent.read.1.tlog
c:\users\breadlin\documents\visual studio 2013\projects\sillychis\sillychis\x64\release\sillychis.tlog\icl-intelremotemonserver-intelremotemonagent.read.2.tlog
c:\users\breadlin\documents\visual studio 2013\projects\sillychis\sillychis\x64\release\sillychis.tlog\icl-intelremotemonserver.read.1.tlog
c:\users\breadlin\documents\visual studio 2013\projects\sillychis\sillychis\x64\release\sillychis.tlog\icl-intelremotemonserver.read.16.tlog
c:\users\breadlin\documents\visual studio 2013\projects\sillychis\sillychis\x64\release\sillychis.tlog\icl-intelremotemonserver.read.2.tlog
c:\users\breadlin\documents\visual studio 2013\projects\sillychis\sillychis\x64\release\sillychis.tlog\icl-intelremotemonserver.read.37.tlog
c:\users\breadlin\documents\visual studio 2013\projects\sillychis\sillychis\x64\release\sillychis.tlog\icl-intelremotemonserver.read.7.tlog
c:\users\breadlin\documents\visual studio 2013\projects\sillychis\sillychis\x64\release\sillychis.tlog\icl-intelremotemonserver.write.2.tlog
c:\users\breadlin\documents\visual studio 2013\projects\sillychis\sillychis\x64\release\sillychis.tlog\icl-mcpcom.read.1.tlog
c:\users\breadlin\documents\visual studio 2013\projects\sillychis\sillychis\x64\release\sillychis.tlog\icl-mcpcom.write.1.tlog
c:\users\breadlin\documents\visual studio 2013\projects\sillychis\sillychis\x64\release\sillychis.tlog\icl.command.1.tlog
c:\users\breadlin\documents\visual studio 2013\projects\sillychis\sillychis\x64\release\sillychis.tlog\icl.read.1.tlog
c:\users\breadlin\documents\visual studio 2013\projects\sillychis\sillychis\x64\release\sillychis.tlog\icl.write.1.tlog
c:\users\breadlin\documents\visual studio 2013\projects\sillychis\sillychis\x64\release\sillychis.tlog\xilink-link-cvtres.read.1.tlog
c:\users\breadlin\documents\visual studio 2013\projects\sillychis\sillychis\x64\release\sillychis.tlog\xilink-link-cvtres.write.1.tlog
c:\users\breadlin\documents\visual studio 2013\projects\sillychis\sillychis\x64\release\sillychis.tlog\xilink-link-rc.read.1.tlog
c:\users\breadlin\documents\visual studio 2013\projects\sillychis\sillychis\x64\release\sillychis.tlog\xilink-link-rc.write.1.tlog
c:\users\breadlin\documents\visual studio 2013\projects\sillychis\sillychis\x64\release\sillychis.tlog\xilink-link.read.1.tlog
c:\users\breadlin\documents\visual studio 2013\projects\sillychis\sillychis\x64\release\sillychis.tlog\xilink-link.write.1.tlog
c:\users\breadlin\documents\visual studio 2013\projects\sillychis\sillychis\x64\release\sillychis.tlog\xilink-mcpcom.read.1.tlog
c:\users\breadlin\documents\visual studio 2013\projects\sillychis\sillychis\x64\release\sillychis.tlog\xilink-mcpcom.write.1.tlog
c:\users\breadlin\documents\visual studio 2013\projects\sillychis\sillychis\x64\release\sillychis.tlog\xilink.command.1.tlog
c:\users\breadlin\documents\visual studio 2013\projects\sillychis\sillychis\x64\release\sillychis.tlog\xilink.read.1.tlog
c:\users\breadlin\documents\visual studio 2013\projects\sillychis\sillychis\x64\release\sillychis.tlog\xilink.write.1.tlog
