  sillychis.cpp
c:\users\breadlin\documents\visual studio 2013\projects\sillychis\sillychis\chis_board.h(155): warning C4351: 新增行为:  默认情况下初始化数组“chis::space_score::ss”的元素
c:\users\breadlin\documents\visual studio 2013\projects\sillychis\sillychis\chis_board.h(272): warning C4351: 新增行为:  默认情况下初始化数组“chis::_board::weight”的元素
c:\users\breadlin\documents\visual studio 2013\projects\sillychis\sillychis\chis_board.h(273): warning C4351: 新增行为:  默认情况下初始化数组“chis::_board::synced”的元素
c:\users\breadlin\documents\visual studio 2013\projects\sillychis\sillychis\chis_board.h(327): warning C4244: “参数”: 从“chis::U64”转换到“size_t”，可能丢失数据
c:\users\breadlin\documents\visual studio 2013\projects\sillychis\sillychis\chis_board.h(337): warning C4244: “参数”: 从“chis::U64”转换到“size_t”，可能丢失数据
c:\users\breadlin\documents\visual studio 2013\projects\sillychis\sillychis\chis_board.h(360): warning C4244: “参数”: 从“chis::U64”转换到“size_t”，可能丢失数据
c:\users\breadlin\documents\visual studio 2013\projects\sillychis\sillychis\chis_board.h(371): warning C4244: “参数”: 从“chis::U64”转换到“size_t”，可能丢失数据
c:\users\breadlin\documents\visual studio 2013\projects\sillychis\sillychis\chis_board.h(397): warning C4244: “初始化”: 从“chis::U64”转换到“size_t”，可能丢失数据
c:\users\breadlin\documents\visual studio 2013\projects\sillychis\sillychis\chis_board.h(400): warning C4244: “参数”: 从“chis::U64”转换到“size_t”，可能丢失数据
c:\users\breadlin\documents\visual studio 2013\projects\sillychis\sillychis\chis_board.h(405): warning C4244: “初始化”: 从“chis::U64”转换到“size_t”，可能丢失数据
c:\users\breadlin\documents\visual studio 2013\projects\sillychis\sillychis\chis_board.h(412): warning C4244: “初始化”: 从“chis::U64”转换到“size_t”，可能丢失数据
c:\users\breadlin\documents\visual studio 2013\projects\sillychis\sillychis\chis_board.h(419): warning C4244: “初始化”: 从“chis::U64”转换到“size_t”，可能丢失数据
c:\users\breadlin\documents\visual studio 2013\projects\sillychis\sillychis\chis_board.h(422): warning C4244: “参数”: 从“chis::U64”转换到“size_t”，可能丢失数据
c:\users\breadlin\documents\visual studio 2013\projects\sillychis\sillychis\chis_board.h(450): warning C4244: “初始化”: 从“chis::U64”转换到“size_t”，可能丢失数据
c:\users\breadlin\documents\visual studio 2013\projects\sillychis\sillychis\chis_board.h(453): warning C4244: “参数”: 从“chis::U64”转换到“size_t”，可能丢失数据
c:\users\breadlin\documents\visual studio 2013\projects\sillychis\sillychis\chis_board.h(459): warning C4244: “初始化”: 从“chis::U64”转换到“size_t”，可能丢失数据
c:\users\breadlin\documents\visual studio 2013\projects\sillychis\sillychis\chis_board.h(467): warning C4244: “初始化”: 从“chis::U64”转换到“size_t”，可能丢失数据
c:\users\breadlin\documents\visual studio 2013\projects\sillychis\sillychis\chis_board.h(475): warning C4244: “初始化”: 从“chis::U64”转换到“size_t”，可能丢失数据
c:\users\breadlin\documents\visual studio 2013\projects\sillychis\sillychis\chis_board.h(478): warning C4244: “参数”: 从“chis::U64”转换到“size_t”，可能丢失数据
c:\users\breadlin\documents\visual studio 2013\projects\sillychis\sillychis\sillychis.cpp(80): warning C4018: “<=”: 有符号/无符号不匹配
  SillyChis.vcxproj -> c:\users\breadlin\documents\visual studio 2013\Projects\SillyChis\Debug\SillyChis.exe
